2025-03-09T10:29:24.058Z [info]: [Redis] Aktive Konfiguration:
2025-03-09T10:29:24.061Z [info]: [Redis] Aktive Konfiguration:
2025-03-09T10:29:24.461Z [error]: Error: connect ECONNREFUSED 127.0.0.1:6379
    at TCPConnectWrap.afterConnect [as oncomplete] (node:net:1634:16)
2025-03-09T10:29:24.462Z [error]: Error: connect ECONNREFUSED 127.0.0.1:6379
    at TCPConnectWrap.afterConnect [as oncomplete] (node:net:1634:16)
2025-03-09T10:29:24.571Z [error]: Error: connect ECONNREFUSED 127.0.0.1:6379
    at TCPConnectWrap.afterConnect [as oncomplete] (node:net:1634:16)
2025-03-09T10:29:24.572Z [error]: Error: connect ECONNREFUSED 127.0.0.1:6379
    at TCPConnectWrap.afterConnect [as oncomplete] (node:net:1634:16)
2025-03-09T10:29:24.786Z [error]: Error: connect ECONNREFUSED 127.0.0.1:6379
    at TCPConnectWrap.afterConnect [as oncomplete] (node:net:1634:16)
2025-03-09T10:29:24.786Z [error]: Error: connect ECONNREFUSED 127.0.0.1:6379
    at TCPConnectWrap.afterConnect [as oncomplete] (node:net:1634:16)
2025-03-09T10:29:25.054Z [info]: Bot ist online
2025-03-09T10:29:25.088Z [error]: ApolloError: request to http://localhost:3002/graphql failed, reason: 
    at new ApolloError (C:\Users\info\Documents\Discord Bot\Pyro-Supabase\node_modules\.pnpm\@apollo+client@3.13.1_@type_9611fc393571d8aefdbcc3745df497a8\node_modules\@apollo\client\errors\index.js:40:28)
    at C:\Users\info\Documents\Discord Bot\Pyro-Supabase\node_modules\.pnpm\@apollo+client@3.13.1_@type_9611fc393571d8aefdbcc3745df497a8\node_modules\@apollo\client\core\QueryManager.js:821:71
    at both (C:\Users\info\Documents\Discord Bot\Pyro-Supabase\node_modules\.pnpm\@apollo+client@3.13.1_@type_9611fc393571d8aefdbcc3745df497a8\node_modules\@apollo\client\utilities\observables\asyncMap.js:22:31)
    at C:\Users\info\Documents\Discord Bot\Pyro-Supabase\node_modules\.pnpm\@apollo+client@3.13.1_@type_9611fc393571d8aefdbcc3745df497a8\node_modules\@apollo\client\utilities\observables\asyncMap.js:11:72
    at new Promise (<anonymous>)
    at Object.then (C:\Users\info\Documents\Discord Bot\Pyro-Supabase\node_modules\.pnpm\@apollo+client@3.13.1_@type_9611fc393571d8aefdbcc3745df497a8\node_modules\@apollo\client\utilities\observables\asyncMap.js:11:24)
    at Object.error (C:\Users\info\Documents\Discord Bot\Pyro-Supabase\node_modules\.pnpm\@apollo+client@3.13.1_@type_9611fc393571d8aefdbcc3745df497a8\node_modules\@apollo\client\utilities\observables\asyncMap.js:24:49)
    at notifySubscription (C:\Users\info\Documents\Discord Bot\Pyro-Supabase\node_modules\.pnpm\zen-observable@0.8.15\node_modules\zen-observable\lib\Observable.js:140:18)
    at onNotify (C:\Users\info\Documents\Discord Bot\Pyro-Supabase\node_modules\.pnpm\zen-observable@0.8.15\node_modules\zen-observable\lib\Observable.js:179:3)
    at SubscriptionObserver.error (C:\Users\info\Documents\Discord Bot\Pyro-Supabase\node_modules\.pnpm\zen-observable@0.8.15\node_modules\zen-observable\lib\Observable.js:240:7)
2025-03-09T10:29:25.088Z [info]: Roles Listener initialisiert
2025-03-09T10:29:25.094Z [info]: Supabase Kategorie-Handler initialisiert
2025-03-09T10:29:25.095Z [info]: Supabase Realtime subscription für Zonen erstellt
2025-03-09T10:29:25.095Z [info]: Supabase Realtime subscription für Zone-Updates erstellt
2025-03-09T10:29:25.095Z [info]: Supabase Realtime subscription für Zone-Löschungen erstellt
2025-03-09T10:29:25.096Z [info]: Alle Supabase Zone-Handler initialisiert
2025-03-09T10:29:25.099Z [info]: Status-Server läuft auf Port 3001
2025-03-09T10:29:25.101Z [error]: Error: connect ECONNREFUSED 127.0.0.1:6379
    at TCPConnectWrap.afterConnect [as oncomplete] (node:net:1634:16)
2025-03-09T10:29:25.101Z [error]: Error: connect ECONNREFUSED 127.0.0.1:6379
    at TCPConnectWrap.afterConnect [as oncomplete] (node:net:1634:16)
2025-03-09T10:29:25.505Z [error]: Error: connect ECONNREFUSED 127.0.0.1:6379
    at TCPConnectWrap.afterConnect [as oncomplete] (node:net:1634:16)
2025-03-09T10:29:25.506Z [error]: Error: connect ECONNREFUSED 127.0.0.1:6379
    at TCPConnectWrap.afterConnect [as oncomplete] (node:net:1634:16)
2025-03-09T10:29:26.020Z [error]: Error: connect ECONNREFUSED 127.0.0.1:6379
    at TCPConnectWrap.afterConnect [as oncomplete] (node:net:1634:16)
2025-03-09T10:29:26.021Z [error]: Error: connect ECONNREFUSED 127.0.0.1:6379
    at TCPConnectWrap.afterConnect [as oncomplete] (node:net:1634:16)
2025-03-09T10:29:26.631Z [error]: Error: connect ECONNREFUSED 127.0.0.1:6379
    at TCPConnectWrap.afterConnect [as oncomplete] (node:net:1634:16)
2025-03-09T10:29:26.631Z [error]: Error: connect ECONNREFUSED 127.0.0.1:6379
    at TCPConnectWrap.afterConnect [as oncomplete] (node:net:1634:16)
2025-03-09T10:29:27.339Z [error]: Error: connect ECONNREFUSED 127.0.0.1:6379
    at TCPConnectWrap.afterConnect [as oncomplete] (node:net:1634:16)
2025-03-09T10:29:27.340Z [error]: Error: connect ECONNREFUSED 127.0.0.1:6379
    at TCPConnectWrap.afterConnect [as oncomplete] (node:net:1634:16)
2025-03-09T10:29:28.151Z [error]: Error: connect ECONNREFUSED 127.0.0.1:6379
    at TCPConnectWrap.afterConnect [as oncomplete] (node:net:1634:16)
2025-03-09T10:29:28.152Z [error]: Error: connect ECONNREFUSED 127.0.0.1:6379
    at TCPConnectWrap.afterConnect [as oncomplete] (node:net:1634:16)
2025-03-09T10:29:29.064Z [error]: Error: connect ECONNREFUSED 127.0.0.1:6379
    at TCPConnectWrap.afterConnect [as oncomplete] (node:net:1634:16)
2025-03-09T10:29:29.065Z [error]: Error: connect ECONNREFUSED 127.0.0.1:6379
    at TCPConnectWrap.afterConnect [as oncomplete] (node:net:1634:16)
2025-03-09T10:29:30.072Z [error]: Error: connect ECONNREFUSED 127.0.0.1:6379
    at TCPConnectWrap.afterConnect [as oncomplete] (node:net:1634:16)
2025-03-09T10:29:30.073Z [error]: Error: connect ECONNREFUSED 127.0.0.1:6379
    at TCPConnectWrap.afterConnect [as oncomplete] (node:net:1634:16)
2025-03-09T10:29:33.146Z [info]: [Redis] Aktive Konfiguration:
2025-03-09T10:29:33.149Z [info]: [Redis] Aktive Konfiguration:
2025-03-09T10:29:33.465Z [error]: Error: connect ECONNREFUSED 127.0.0.1:6379
    at TCPConnectWrap.afterConnect [as oncomplete] (node:net:1634:16)
2025-03-09T10:29:33.466Z [error]: Error: connect ECONNREFUSED 127.0.0.1:6379
    at TCPConnectWrap.afterConnect [as oncomplete] (node:net:1634:16)
2025-03-09T10:29:33.574Z [error]: Error: connect ECONNREFUSED 127.0.0.1:6379
    at TCPConnectWrap.afterConnect [as oncomplete] (node:net:1634:16)
2025-03-09T10:29:33.575Z [error]: Error: connect ECONNREFUSED 127.0.0.1:6379
    at TCPConnectWrap.afterConnect [as oncomplete] (node:net:1634:16)
2025-03-09T10:29:33.792Z [error]: Error: connect ECONNREFUSED 127.0.0.1:6379
    at TCPConnectWrap.afterConnect [as oncomplete] (node:net:1634:16)
2025-03-09T10:29:33.793Z [error]: Error: connect ECONNREFUSED 127.0.0.1:6379
    at TCPConnectWrap.afterConnect [as oncomplete] (node:net:1634:16)
2025-03-09T10:29:34.054Z [info]: Bot ist online
2025-03-09T10:29:34.086Z [error]: ApolloError: request to http://localhost:3002/graphql failed, reason: 
    at new ApolloError (C:\Users\info\Documents\Discord Bot\Pyro-Supabase\node_modules\.pnpm\@apollo+client@3.13.1_@type_9611fc393571d8aefdbcc3745df497a8\node_modules\@apollo\client\errors\index.js:40:28)
    at C:\Users\info\Documents\Discord Bot\Pyro-Supabase\node_modules\.pnpm\@apollo+client@3.13.1_@type_9611fc393571d8aefdbcc3745df497a8\node_modules\@apollo\client\core\QueryManager.js:821:71
    at both (C:\Users\info\Documents\Discord Bot\Pyro-Supabase\node_modules\.pnpm\@apollo+client@3.13.1_@type_9611fc393571d8aefdbcc3745df497a8\node_modules\@apollo\client\utilities\observables\asyncMap.js:22:31)
    at C:\Users\info\Documents\Discord Bot\Pyro-Supabase\node_modules\.pnpm\@apollo+client@3.13.1_@type_9611fc393571d8aefdbcc3745df497a8\node_modules\@apollo\client\utilities\observables\asyncMap.js:11:72
    at new Promise (<anonymous>)
    at Object.then (C:\Users\info\Documents\Discord Bot\Pyro-Supabase\node_modules\.pnpm\@apollo+client@3.13.1_@type_9611fc393571d8aefdbcc3745df497a8\node_modules\@apollo\client\utilities\observables\asyncMap.js:11:24)
    at Object.error (C:\Users\info\Documents\Discord Bot\Pyro-Supabase\node_modules\.pnpm\@apollo+client@3.13.1_@type_9611fc393571d8aefdbcc3745df497a8\node_modules\@apollo\client\utilities\observables\asyncMap.js:24:49)
    at notifySubscription (C:\Users\info\Documents\Discord Bot\Pyro-Supabase\node_modules\.pnpm\zen-observable@0.8.15\node_modules\zen-observable\lib\Observable.js:140:18)
    at onNotify (C:\Users\info\Documents\Discord Bot\Pyro-Supabase\node_modules\.pnpm\zen-observable@0.8.15\node_modules\zen-observable\lib\Observable.js:179:3)
    at SubscriptionObserver.error (C:\Users\info\Documents\Discord Bot\Pyro-Supabase\node_modules\.pnpm\zen-observable@0.8.15\node_modules\zen-observable\lib\Observable.js:240:7)
2025-03-09T10:29:34.087Z [info]: Roles Listener initialisiert
2025-03-09T10:29:34.092Z [info]: Supabase Kategorie-Handler initialisiert
2025-03-09T10:29:34.093Z [info]: Supabase Realtime subscription für Zonen erstellt
2025-03-09T10:29:34.093Z [info]: Supabase Realtime subscription für Zone-Updates erstellt
2025-03-09T10:29:34.094Z [info]: Supabase Realtime subscription für Zone-Löschungen erstellt
2025-03-09T10:29:34.094Z [info]: Alle Supabase Zone-Handler initialisiert
2025-03-09T10:29:34.097Z [info]: Status-Server läuft auf Port 3001
2025-03-09T10:29:34.099Z [error]: Error: connect ECONNREFUSED 127.0.0.1:6379
    at TCPConnectWrap.afterConnect [as oncomplete] (node:net:1634:16)
2025-03-09T10:29:34.100Z [error]: Error: connect ECONNREFUSED 127.0.0.1:6379
    at TCPConnectWrap.afterConnect [as oncomplete] (node:net:1634:16)
2025-03-09T10:29:34.505Z [error]: Error: connect ECONNREFUSED 127.0.0.1:6379
    at TCPConnectWrap.afterConnect [as oncomplete] (node:net:1634:16)
2025-03-09T10:29:34.506Z [error]: Error: connect ECONNREFUSED 127.0.0.1:6379
    at TCPConnectWrap.afterConnect [as oncomplete] (node:net:1634:16)
2025-03-09T10:29:35.018Z [error]: Error: connect ECONNREFUSED 127.0.0.1:6379
    at TCPConnectWrap.afterConnect [as oncomplete] (node:net:1634:16)
2025-03-09T10:29:35.019Z [error]: Error: connect ECONNREFUSED 127.0.0.1:6379
    at TCPConnectWrap.afterConnect [as oncomplete] (node:net:1634:16)
2025-03-09T10:29:35.627Z [error]: Error: connect ECONNREFUSED 127.0.0.1:6379
    at TCPConnectWrap.afterConnect [as oncomplete] (node:net:1634:16)
2025-03-09T10:29:35.628Z [error]: Error: connect ECONNREFUSED 127.0.0.1:6379
    at TCPConnectWrap.afterConnect [as oncomplete] (node:net:1634:16)
2025-03-09T10:29:36.342Z [error]: Error: connect ECONNREFUSED 127.0.0.1:6379
    at TCPConnectWrap.afterConnect [as oncomplete] (node:net:1634:16)
2025-03-09T10:29:36.343Z [error]: Error: connect ECONNREFUSED 127.0.0.1:6379
    at TCPConnectWrap.afterConnect [as oncomplete] (node:net:1634:16)
2025-03-09T10:29:37.148Z [error]: Error: connect ECONNREFUSED 127.0.0.1:6379
    at TCPConnectWrap.afterConnect [as oncomplete] (node:net:1634:16)
2025-03-09T10:29:37.148Z [error]: Error: connect ECONNREFUSED 127.0.0.1:6379
    at TCPConnectWrap.afterConnect [as oncomplete] (node:net:1634:16)
2025-03-09T10:29:38.064Z [error]: Error: connect ECONNREFUSED 127.0.0.1:6379
    at TCPConnectWrap.afterConnect [as oncomplete] (node:net:1634:16)
2025-03-09T10:29:38.065Z [error]: Error: connect ECONNREFUSED 127.0.0.1:6379
    at TCPConnectWrap.afterConnect [as oncomplete] (node:net:1634:16)
2025-03-09T10:29:39.070Z [error]: Error: connect ECONNREFUSED 127.0.0.1:6379
    at TCPConnectWrap.afterConnect [as oncomplete] (node:net:1634:16)
2025-03-09T10:29:39.070Z [error]: Error: connect ECONNREFUSED 127.0.0.1:6379
    at TCPConnectWrap.afterConnect [as oncomplete] (node:net:1634:16)
2025-03-09T10:29:40.173Z [error]: Error: connect ECONNREFUSED 127.0.0.1:6379
    at TCPConnectWrap.afterConnect [as oncomplete] (node:net:1634:16)
2025-03-09T10:29:40.173Z [error]: Error: connect ECONNREFUSED 127.0.0.1:6379
    at TCPConnectWrap.afterConnect [as oncomplete] (node:net:1634:16)
2025-03-09T10:29:41.377Z [error]: Error: connect ECONNREFUSED 127.0.0.1:6379
    at TCPConnectWrap.afterConnect [as oncomplete] (node:net:1634:16)
2025-03-09T10:29:41.378Z [error]: Error: connect ECONNREFUSED 127.0.0.1:6379
    at TCPConnectWrap.afterConnect [as oncomplete] (node:net:1634:16)
2025-03-09T10:29:42.685Z [error]: Error: connect ECONNREFUSED 127.0.0.1:6379
    at TCPConnectWrap.afterConnect [as oncomplete] (node:net:1634:16)
2025-03-09T10:29:42.686Z [error]: Error: connect ECONNREFUSED 127.0.0.1:6379
    at TCPConnectWrap.afterConnect [as oncomplete] (node:net:1634:16)
2025-03-09T10:29:44.102Z [error]: Error: connect ECONNREFUSED 127.0.0.1:6379
    at TCPConnectWrap.afterConnect [as oncomplete] (node:net:1634:16)
2025-03-09T10:29:44.103Z [error]: Error: connect ECONNREFUSED 127.0.0.1:6379
    at TCPConnectWrap.afterConnect [as oncomplete] (node:net:1634:16)
2025-03-09T10:29:45.609Z [error]: Error: connect ECONNREFUSED 127.0.0.1:6379
    at TCPConnectWrap.afterConnect [as oncomplete] (node:net:1634:16)
2025-03-09T10:29:45.610Z [error]: Error: connect ECONNREFUSED 127.0.0.1:6379
    at TCPConnectWrap.afterConnect [as oncomplete] (node:net:1634:16)
2025-03-09T10:29:47.221Z [error]: Error: connect ECONNREFUSED 127.0.0.1:6379
    at TCPConnectWrap.afterConnect [as oncomplete] (node:net:1634:16)
2025-03-09T10:29:47.221Z [error]: Error: connect ECONNREFUSED 127.0.0.1:6379
    at TCPConnectWrap.afterConnect [as oncomplete] (node:net:1634:16)
2025-03-09T10:29:48.924Z [error]: Error: connect ECONNREFUSED 127.0.0.1:6379
    at TCPConnectWrap.afterConnect [as oncomplete] (node:net:1634:16)
2025-03-09T10:29:48.925Z [error]: Error: connect ECONNREFUSED 127.0.0.1:6379
    at TCPConnectWrap.afterConnect [as oncomplete] (node:net:1634:16)
2025-03-09T10:29:50.728Z [error]: Error: connect ECONNREFUSED 127.0.0.1:6379
    at TCPConnectWrap.afterConnect [as oncomplete] (node:net:1634:16)
2025-03-09T10:29:50.729Z [error]: Error: connect ECONNREFUSED 127.0.0.1:6379
    at TCPConnectWrap.afterConnect [as oncomplete] (node:net:1634:16)
2025-03-09T10:29:52.643Z [error]: Error: connect ECONNREFUSED 127.0.0.1:6379
    at TCPConnectWrap.afterConnect [as oncomplete] (node:net:1634:16)
2025-03-09T10:29:52.644Z [error]: Error: connect ECONNREFUSED 127.0.0.1:6379
    at TCPConnectWrap.afterConnect [as oncomplete] (node:net:1634:16)
2025-03-09T10:29:54.656Z [error]: Error: connect ECONNREFUSED 127.0.0.1:6379
    at TCPConnectWrap.afterConnect [as oncomplete] (node:net:1634:16)
2025-03-09T10:29:54.656Z [error]: Error: connect ECONNREFUSED 127.0.0.1:6379
    at TCPConnectWrap.afterConnect [as oncomplete] (node:net:1634:16)
2025-03-09T10:29:56.768Z [error]: Error: connect ECONNREFUSED 127.0.0.1:6379
    at TCPConnectWrap.afterConnect [as oncomplete] (node:net:1634:16)
2025-03-09T10:29:56.768Z [error]: Error: connect ECONNREFUSED 127.0.0.1:6379
    at TCPConnectWrap.afterConnect [as oncomplete] (node:net:1634:16)
2025-03-09T10:30:02.205Z [info]: Bot ist online
2025-03-09T10:30:02.342Z [warn]: Keine Zonen gefunden, Channel-Mapping nicht aktualisiert.
2025-03-09T10:30:02.343Z [info]: Roles Listener initialisiert
2025-03-09T10:30:02.347Z [info]: Supabase Kategorie-Handler initialisiert
2025-03-09T10:30:02.348Z [info]: Supabase Realtime subscription für Zonen erstellt
2025-03-09T10:30:02.349Z [info]: Supabase Realtime subscription für Zone-Updates erstellt
2025-03-09T10:30:02.350Z [info]: Supabase Realtime subscription für Zone-Löschungen erstellt
2025-03-09T10:30:02.350Z [info]: Alle Supabase Zone-Handler initialisiert
2025-03-09T10:30:02.353Z [info]: Status-Server läuft auf Port 3001
2025-03-09T10:30:21.852Z [info]: Bot ist online
2025-03-09T10:30:21.916Z [warn]: Keine Zonen gefunden, Channel-Mapping nicht aktualisiert.
2025-03-09T10:30:21.917Z [info]: Roles Listener initialisiert
2025-03-09T10:30:21.920Z [info]: Supabase Kategorie-Handler initialisiert
2025-03-09T10:30:21.920Z [info]: Supabase Realtime subscription für Zonen erstellt
2025-03-09T10:30:21.921Z [info]: Supabase Realtime subscription für Zone-Updates erstellt
2025-03-09T10:30:21.922Z [info]: Supabase Realtime subscription für Zone-Löschungen erstellt
2025-03-09T10:30:21.922Z [info]: Alle Supabase Zone-Handler initialisiert
2025-03-09T10:30:21.925Z [info]: Status-Server läuft auf Port 3001
2025-03-09T10:35:20.579Z [info]: SIGINT erhalten, räume auf...
2025-03-09T10:35:28.608Z [info]: Bot ist online
2025-03-09T10:35:28.694Z [warn]: Keine Zonen gefunden, Channel-Mapping nicht aktualisiert.
2025-03-09T10:35:28.694Z [info]: Roles Listener initialisiert
2025-03-09T10:35:28.697Z [info]: Supabase Kategorie-Handler initialisiert
2025-03-09T10:35:28.698Z [info]: Supabase Realtime subscription für Zonen erstellt
2025-03-09T10:35:28.699Z [info]: Supabase Realtime subscription für Zone-Updates erstellt
2025-03-09T10:35:28.699Z [info]: Supabase Realtime subscription für Zone-Löschungen erstellt
2025-03-09T10:35:28.699Z [info]: Alle Supabase Zone-Handler initialisiert
2025-03-09T10:35:28.702Z [info]: Status-Server läuft auf Port 3001
2025-03-09T10:47:41.542Z [info]: SIGINT erhalten, räume auf...
2025-03-09T10:47:51.988Z [info]: Bot ist online
2025-03-09T10:47:52.062Z [warn]: Keine Zonen gefunden, Channel-Mapping nicht aktualisiert.
2025-03-09T10:47:52.063Z [info]: Roles Listener initialisiert
2025-03-09T10:47:52.066Z [info]: Supabase Kategorie-Handler initialisiert
2025-03-09T10:47:52.067Z [info]: Supabase Realtime subscription für Zonen erstellt
2025-03-09T10:47:52.068Z [info]: Supabase Realtime subscription für Zone-Updates erstellt
2025-03-09T10:47:52.068Z [info]: Supabase Realtime subscription für Zone-Löschungen erstellt
2025-03-09T10:47:52.069Z [info]: Alle Supabase Zone-Handler initialisiert
2025-03-09T10:47:52.072Z [info]: Status-Server läuft auf Port 3001
2025-03-09T10:51:41.364Z [info]: Bot ist online
2025-03-09T10:51:41.442Z [warn]: Keine Zonen gefunden, Channel-Mapping nicht aktualisiert.
2025-03-09T10:51:41.443Z [info]: Roles Listener initialisiert
2025-03-09T10:51:41.446Z [info]: Supabase Kategorie-Handler initialisiert
2025-03-09T10:51:41.446Z [info]: Supabase Realtime subscription für Zonen erstellt
2025-03-09T10:51:41.447Z [info]: Supabase Realtime subscription für Zone-Updates erstellt
2025-03-09T10:51:41.448Z [info]: Supabase Realtime subscription für Zone-Löschungen erstellt
2025-03-09T10:51:41.448Z [info]: Alle Supabase Zone-Handler initialisiert
2025-03-09T10:51:41.451Z [info]: Status-Server läuft auf Port 3001
2025-03-09T10:51:46.453Z [info]: Erzwinge sofortige Rollensynchronisierung...
2025-03-09T10:51:46.454Z [info]: Synchronisiere Rollen für 1 Guilds...
2025-03-09T10:51:47.441Z [info]: 28 Rollen für Guild 1226186397195702363 in Supabase gespeichert
2025-03-09T10:51:47.469Z [info]: Rollen für Guild 1226186397195702363 (Testserver) erfolgreich synchronisiert
2025-03-09T10:51:53.571Z [info]: Bot ist online
2025-03-09T10:51:53.633Z [warn]: Keine Zonen gefunden, Channel-Mapping nicht aktualisiert.
2025-03-09T10:51:53.634Z [info]: Roles Listener initialisiert
2025-03-09T10:51:53.637Z [info]: Supabase Kategorie-Handler initialisiert
2025-03-09T10:51:53.637Z [info]: Supabase Realtime subscription für Zonen erstellt
2025-03-09T10:51:53.638Z [info]: Supabase Realtime subscription für Zone-Updates erstellt
2025-03-09T10:51:53.639Z [info]: Supabase Realtime subscription für Zone-Löschungen erstellt
2025-03-09T10:51:53.639Z [info]: Alle Supabase Zone-Handler initialisiert
2025-03-09T10:51:53.642Z [info]: Status-Server läuft auf Port 3001
2025-03-09T10:51:58.636Z [info]: Erzwinge sofortige Rollensynchronisierung...
2025-03-09T10:51:58.637Z [info]: Synchronisiere Rollen für 1 Guilds...
2025-03-09T10:51:58.637Z [info]: Verfügbare Guilds: Testserver (1226186397195702363)
2025-03-09T10:51:58.638Z [info]: Starte Synchronisierung für Guild 1226186397195702363 (Testserver)...
2025-03-09T10:51:59.782Z [info]: 28 Rollen für Guild 1226186397195702363 in Supabase gespeichert
2025-03-09T10:51:59.808Z [info]: 28 Rollen für Guild 1226186397195702363 (Testserver) erfolgreich synchronisiert
2025-03-09T10:52:21.433Z [info]: Bot ist online
2025-03-09T10:52:21.484Z [warn]: Keine Zonen gefunden, Channel-Mapping nicht aktualisiert.
2025-03-09T10:52:21.485Z [info]: Roles Listener initialisiert
2025-03-09T10:52:21.488Z [info]: Supabase Kategorie-Handler initialisiert
2025-03-09T10:52:21.489Z [info]: Supabase Realtime subscription für Zonen erstellt
2025-03-09T10:52:21.490Z [info]: Supabase Realtime subscription für Zone-Updates erstellt
2025-03-09T10:52:21.491Z [info]: Supabase Realtime subscription für Zone-Löschungen erstellt
2025-03-09T10:52:21.491Z [info]: Alle Supabase Zone-Handler initialisiert
2025-03-09T10:52:21.496Z [info]: Status-Server läuft auf Port 3001
2025-03-09T10:52:26.495Z [info]: Erzwinge sofortige Rollensynchronisierung...
2025-03-09T10:52:26.496Z [info]: Synchronisiere Rollen für 1 Guilds...
2025-03-09T10:52:26.496Z [info]: Verfügbare Guilds: Testserver (1226186397195702363)
2025-03-09T10:52:26.496Z [info]: Starte Synchronisierung für Guild 1226186397195702363 (Testserver)...
2025-03-09T10:52:26.496Z [info]: Versuche Guild mit ID 1226186397195702363 abzurufen...
2025-03-09T10:52:26.497Z [info]: Guild gefunden: Testserver (1226186397195702363)
2025-03-09T10:52:26.497Z [info]: Rufe Rollen für Guild Testserver ab...
2025-03-09T10:52:26.697Z [info]: 28 Rollen gefunden für Guild Testserver
2025-03-09T10:52:26.697Z [info]: Gefundene Rollen: @everyone (1226186397195702363), AFK (1226186397195702364), 30 Tage Offline (1226186397292167170), 6 Monate Offline (1226186397292167171), 1 Jahr Offline (1226186397292167172), abonniert (1226186397292167173), XP (1226186397292167174), Eventplaner (1226186397292167175), Gefangener (1226186397292167176), Bot (1226186397292167177), Partner (1226186397325590538), Visitor (1226186397325590539), Member (1226186397325590540), Member + (1226186397325590541), New (1226186397325590542), Admin (1226186397325590543), Bot-High Level (1226186397325590544), Detox (1226534154771107874), Make (1300639252538720342), SIF (1302619867718881310), SIF Test AI (1302737106044719236), SSA (1303120054942040134), leader (1303126653186211880), LeaderShip (1303353952313540713), MainLeader (1303354170547372148), Spieler (1303416482549469184), VoiceMaster (1305125877067288653), NOVA (1328496960021200909)
2025-03-09T10:52:26.698Z [info]: 28 Rollen für Supabase konvertiert
2025-03-09T10:52:26.699Z [info]: Speichere Rollen in Supabase...
2025-03-09T10:52:27.577Z [info]: Rollensynchronisierung abgeschlossen: 28 erfolgreich, 0 fehlgeschlagen
2025-03-09T10:52:27.578Z [info]: Prüfe auf veraltete Rollen in Supabase...
2025-03-09T10:52:27.606Z [info]: 28 gespeicherte Rollen in Supabase gefunden
2025-03-09T10:52:27.606Z [info]: Keine veralteten Rollen zu löschen
2025-03-09T10:52:27.607Z [info]: 28 Rollen für Guild 1226186397195702363 (Testserver) erfolgreich synchronisiert
2025-03-09T11:52:21.488Z [info]: Synchronisiere Rollen für 1 Guilds...
2025-03-09T11:52:21.489Z [info]: Verfügbare Guilds: Testserver (1226186397195702363)
2025-03-09T11:52:21.489Z [info]: Starte Synchronisierung für Guild 1226186397195702363 (Testserver)...
2025-03-09T11:52:21.490Z [info]: Versuche Guild mit ID 1226186397195702363 abzurufen...
2025-03-09T11:52:21.490Z [info]: Guild gefunden: Testserver (1226186397195702363)
2025-03-09T11:52:21.490Z [info]: Rufe Rollen für Guild Testserver ab...
2025-03-09T11:52:21.734Z [info]: 28 Rollen gefunden für Guild Testserver
2025-03-09T11:52:21.734Z [info]: Gefundene Rollen: @everyone (1226186397195702363), AFK (1226186397195702364), 30 Tage Offline (1226186397292167170), 6 Monate Offline (1226186397292167171), 1 Jahr Offline (1226186397292167172), abonniert (1226186397292167173), XP (1226186397292167174), Eventplaner (1226186397292167175), Gefangener (1226186397292167176), Bot (1226186397292167177), Partner (1226186397325590538), Visitor (1226186397325590539), Member (1226186397325590540), Member + (1226186397325590541), New (1226186397325590542), Admin (1226186397325590543), Bot-High Level (1226186397325590544), Detox (1226534154771107874), Make (1300639252538720342), SIF (1302619867718881310), SIF Test AI (1302737106044719236), SSA (1303120054942040134), leader (1303126653186211880), LeaderShip (1303353952313540713), MainLeader (1303354170547372148), Spieler (1303416482549469184), VoiceMaster (1305125877067288653), NOVA (1328496960021200909)
2025-03-09T11:52:21.735Z [info]: 28 Rollen für Supabase konvertiert
2025-03-09T11:52:21.735Z [info]: Speichere Rollen in Supabase...
2025-03-09T11:52:22.476Z [info]: Rollensynchronisierung abgeschlossen: 28 erfolgreich, 0 fehlgeschlagen
2025-03-09T11:52:22.476Z [info]: Prüfe auf veraltete Rollen in Supabase...
2025-03-09T11:52:22.499Z [info]: 28 gespeicherte Rollen in Supabase gefunden
2025-03-09T11:52:22.500Z [info]: Keine veralteten Rollen zu löschen
2025-03-09T11:52:22.500Z [info]: 28 Rollen für Guild 1226186397195702363 (Testserver) erfolgreich synchronisiert
2025-03-09T12:52:21.488Z [info]: Synchronisiere Rollen für 1 Guilds...
2025-03-09T12:52:21.489Z [info]: Verfügbare Guilds: Testserver (1226186397195702363)
2025-03-09T12:52:21.489Z [info]: Starte Synchronisierung für Guild 1226186397195702363 (Testserver)...
2025-03-09T12:52:21.489Z [info]: Versuche Guild mit ID 1226186397195702363 abzurufen...
2025-03-09T12:52:21.489Z [info]: Guild gefunden: Testserver (1226186397195702363)
2025-03-09T12:52:21.490Z [info]: Rufe Rollen für Guild Testserver ab...
2025-03-09T12:52:21.699Z [info]: 28 Rollen gefunden für Guild Testserver
2025-03-09T12:52:21.699Z [info]: Gefundene Rollen: @everyone (1226186397195702363), AFK (1226186397195702364), 30 Tage Offline (1226186397292167170), 6 Monate Offline (1226186397292167171), 1 Jahr Offline (1226186397292167172), abonniert (1226186397292167173), XP (1226186397292167174), Eventplaner (1226186397292167175), Gefangener (1226186397292167176), Bot (1226186397292167177), Partner (1226186397325590538), Visitor (1226186397325590539), Member (1226186397325590540), Member + (1226186397325590541), New (1226186397325590542), Admin (1226186397325590543), Bot-High Level (1226186397325590544), Detox (1226534154771107874), Make (1300639252538720342), SIF (1302619867718881310), SIF Test AI (1302737106044719236), SSA (1303120054942040134), leader (1303126653186211880), LeaderShip (1303353952313540713), MainLeader (1303354170547372148), Spieler (1303416482549469184), VoiceMaster (1305125877067288653), NOVA (1328496960021200909)
2025-03-09T12:52:21.700Z [info]: 28 Rollen für Supabase konvertiert
2025-03-09T12:52:21.700Z [info]: Speichere Rollen in Supabase...
2025-03-09T12:52:22.522Z [info]: Rollensynchronisierung abgeschlossen: 28 erfolgreich, 0 fehlgeschlagen
2025-03-09T12:52:22.522Z [info]: Prüfe auf veraltete Rollen in Supabase...
2025-03-09T12:52:22.547Z [info]: 28 gespeicherte Rollen in Supabase gefunden
2025-03-09T12:52:22.548Z [info]: Keine veralteten Rollen zu löschen
2025-03-09T12:52:22.548Z [info]: 28 Rollen für Guild 1226186397195702363 (Testserver) erfolgreich synchronisiert
2025-03-09T13:52:21.501Z [info]: Synchronisiere Rollen für 1 Guilds...
2025-03-09T13:52:21.501Z [info]: Verfügbare Guilds: Testserver (1226186397195702363)
2025-03-09T13:52:21.502Z [info]: Starte Synchronisierung für Guild 1226186397195702363 (Testserver)...
2025-03-09T13:52:21.502Z [info]: Versuche Guild mit ID 1226186397195702363 abzurufen...
2025-03-09T13:52:21.502Z [info]: Guild gefunden: Testserver (1226186397195702363)
2025-03-09T13:52:21.502Z [info]: Rufe Rollen für Guild Testserver ab...
2025-03-09T13:52:21.773Z [info]: 28 Rollen gefunden für Guild Testserver
2025-03-09T13:52:21.773Z [info]: Gefundene Rollen: @everyone (1226186397195702363), AFK (1226186397195702364), 30 Tage Offline (1226186397292167170), 6 Monate Offline (1226186397292167171), 1 Jahr Offline (1226186397292167172), abonniert (1226186397292167173), XP (1226186397292167174), Eventplaner (1226186397292167175), Gefangener (1226186397292167176), Bot (1226186397292167177), Partner (1226186397325590538), Visitor (1226186397325590539), Member (1226186397325590540), Member + (1226186397325590541), New (1226186397325590542), Admin (1226186397325590543), Bot-High Level (1226186397325590544), Detox (1226534154771107874), Make (1300639252538720342), SIF (1302619867718881310), SIF Test AI (1302737106044719236), SSA (1303120054942040134), leader (1303126653186211880), LeaderShip (1303353952313540713), MainLeader (1303354170547372148), Spieler (1303416482549469184), VoiceMaster (1305125877067288653), NOVA (1328496960021200909)
2025-03-09T13:52:21.774Z [info]: 28 Rollen für Supabase konvertiert
2025-03-09T13:52:21.775Z [info]: Speichere Rollen in Supabase...
2025-03-09T13:52:22.504Z [info]: Rollensynchronisierung abgeschlossen: 28 erfolgreich, 0 fehlgeschlagen
2025-03-09T13:52:22.504Z [info]: Prüfe auf veraltete Rollen in Supabase...
2025-03-09T13:52:22.528Z [info]: 28 gespeicherte Rollen in Supabase gefunden
2025-03-09T13:52:22.529Z [info]: Keine veralteten Rollen zu löschen
2025-03-09T13:52:22.529Z [info]: 28 Rollen für Guild 1226186397195702363 (Testserver) erfolgreich synchronisiert
2025-03-09T14:45:43.173Z [info]: SIGINT erhalten, räume auf...
2025-03-09T14:45:52.162Z [info]: Bot ist online
2025-03-09T14:45:52.234Z [warn]: Keine Zonen gefunden, Channel-Mapping nicht aktualisiert.
2025-03-09T14:45:52.235Z [info]: Roles Listener initialisiert
2025-03-09T14:45:52.237Z [info]: Supabase Kategorie-Handler initialisiert
2025-03-09T14:45:52.238Z [info]: Supabase Realtime subscription für Zonen erstellt
2025-03-09T14:45:52.239Z [info]: Supabase Realtime subscription für Zone-Updates erstellt
2025-03-09T14:45:52.239Z [info]: Supabase Realtime subscription für Zone-Löschungen erstellt
2025-03-09T14:45:52.240Z [info]: Alle Supabase Zone-Handler initialisiert
2025-03-09T14:45:52.242Z [info]: Status-Server läuft auf Port 3001
2025-03-09T14:45:57.244Z [info]: Erzwinge sofortige Rollensynchronisierung...
2025-03-09T14:45:57.244Z [info]: Synchronisiere Rollen für 1 Guilds...
2025-03-09T14:45:57.245Z [info]: Verfügbare Guilds: Testserver (1226186397195702363)
2025-03-09T14:45:57.245Z [info]: Starte Synchronisierung für Guild 1226186397195702363 (Testserver)...
2025-03-09T14:45:57.246Z [info]: Versuche Guild mit ID 1226186397195702363 abzurufen...
2025-03-09T14:45:57.246Z [info]: Guild gefunden: Testserver (1226186397195702363)
2025-03-09T14:45:57.246Z [info]: Rufe Rollen für Guild Testserver ab...
2025-03-09T14:45:57.466Z [info]: 28 Rollen gefunden für Guild Testserver
2025-03-09T14:45:57.467Z [info]: Gefundene Rollen: @everyone (1226186397195702363), AFK (1226186397195702364), 30 Tage Offline (1226186397292167170), 6 Monate Offline (1226186397292167171), 1 Jahr Offline (1226186397292167172), abonniert (1226186397292167173), XP (1226186397292167174), Eventplaner (1226186397292167175), Gefangener (1226186397292167176), Bot (1226186397292167177), Partner (1226186397325590538), Visitor (1226186397325590539), Member (1226186397325590540), Member + (1226186397325590541), New (1226186397325590542), Admin (1226186397325590543), Bot-High Level (1226186397325590544), Detox (1226534154771107874), Make (1300639252538720342), SIF (1302619867718881310), SIF Test AI (1302737106044719236), SSA (1303120054942040134), leader (1303126653186211880), LeaderShip (1303353952313540713), MainLeader (1303354170547372148), Spieler (1303416482549469184), VoiceMaster (1305125877067288653), NOVA (1328496960021200909)
2025-03-09T14:45:57.468Z [info]: 28 Rollen für Supabase konvertiert
2025-03-09T14:45:57.468Z [info]: Speichere Rollen in Supabase...
2025-03-09T14:45:58.347Z [info]: Rollensynchronisierung abgeschlossen: 28 erfolgreich, 0 fehlgeschlagen
2025-03-09T14:45:58.347Z [info]: Prüfe auf veraltete Rollen in Supabase...
2025-03-09T14:45:58.372Z [info]: 28 gespeicherte Rollen in Supabase gefunden
2025-03-09T14:45:58.372Z [info]: Keine veralteten Rollen zu löschen
2025-03-09T14:45:58.372Z [info]: 28 Rollen für Guild 1226186397195702363 (Testserver) erfolgreich synchronisiert
2025-03-09T14:49:03.359Z [info]: Bot ist online
2025-03-09T14:49:03.438Z [warn]: Keine Zonen gefunden, Channel-Mapping nicht aktualisiert.
2025-03-09T14:49:03.438Z [info]: Roles Listener initialisiert
2025-03-09T14:49:03.442Z [info]: Supabase Kategorie-Handler initialisiert
2025-03-09T14:49:03.442Z [info]: Supabase Realtime subscription für Zonen erstellt
2025-03-09T14:49:03.443Z [info]: Supabase Realtime subscription für Zone-Updates erstellt
2025-03-09T14:49:03.444Z [info]: Supabase Realtime subscription für Zone-Löschungen erstellt
2025-03-09T14:49:03.444Z [info]: Alle Supabase Zone-Handler initialisiert
2025-03-09T14:49:03.447Z [info]: Status-Server läuft auf Port 3001
2025-03-09T14:49:08.448Z [info]: Erzwinge sofortige Rollensynchronisierung...
2025-03-09T14:49:08.449Z [info]: Synchronisiere Rollen für 1 Guilds...
2025-03-09T14:49:08.449Z [info]: Verfügbare Guilds: Testserver (1226186397195702363)
2025-03-09T14:49:08.449Z [info]: Starte Synchronisierung für Guild 1226186397195702363 (Testserver)...
2025-03-09T14:49:08.450Z [info]: Versuche Guild mit ID 1226186397195702363 abzurufen...
2025-03-09T14:49:08.450Z [info]: Guild gefunden: Testserver (1226186397195702363)
2025-03-09T14:49:08.450Z [info]: Rufe Rollen für Guild Testserver ab...
2025-03-09T14:49:08.667Z [info]: 28 Rollen gefunden für Guild Testserver
2025-03-09T14:49:08.668Z [info]: Gefundene Rollen: @everyone (1226186397195702363), AFK (1226186397195702364), 30 Tage Offline (1226186397292167170), 6 Monate Offline (1226186397292167171), 1 Jahr Offline (1226186397292167172), abonniert (1226186397292167173), XP (1226186397292167174), Eventplaner (1226186397292167175), Gefangener (1226186397292167176), Bot (1226186397292167177), Partner (1226186397325590538), Visitor (1226186397325590539), Member (1226186397325590540), Member + (1226186397325590541), New (1226186397325590542), Admin (1226186397325590543), Bot-High Level (1226186397325590544), Detox (1226534154771107874), Make (1300639252538720342), SIF (1302619867718881310), SIF Test AI (1302737106044719236), SSA (1303120054942040134), leader (1303126653186211880), LeaderShip (1303353952313540713), MainLeader (1303354170547372148), Spieler (1303416482549469184), VoiceMaster (1305125877067288653), NOVA (1328496960021200909)
2025-03-09T14:49:08.669Z [info]: 28 Rollen für Supabase konvertiert
2025-03-09T14:49:08.669Z [info]: Speichere Rollen in Supabase...
2025-03-09T14:49:09.517Z [info]: Rollensynchronisierung abgeschlossen: 28 erfolgreich, 0 fehlgeschlagen
2025-03-09T14:49:09.518Z [info]: Prüfe auf veraltete Rollen in Supabase...
2025-03-09T14:49:09.546Z [info]: 28 gespeicherte Rollen in Supabase gefunden
2025-03-09T14:49:09.546Z [info]: Keine veralteten Rollen zu löschen
2025-03-09T14:49:09.547Z [info]: 28 Rollen für Guild 1226186397195702363 (Testserver) erfolgreich synchronisiert
2025-03-09T14:49:35.069Z [info]: Bot ist online
2025-03-09T14:49:35.139Z [warn]: Keine Zonen gefunden, Channel-Mapping nicht aktualisiert.
2025-03-09T14:49:35.140Z [info]: Roles Listener initialisiert
2025-03-09T14:49:35.143Z [info]: Supabase Kategorie-Handler initialisiert
2025-03-09T14:49:35.144Z [info]: Supabase Realtime subscription für Zonen erstellt
2025-03-09T14:49:35.144Z [info]: Supabase Realtime subscription für Zone-Updates erstellt
2025-03-09T14:49:35.145Z [info]: Supabase Realtime subscription für Zone-Löschungen erstellt
2025-03-09T14:49:35.145Z [info]: Alle Supabase Zone-Handler initialisiert
2025-03-09T14:49:35.148Z [info]: Status-Server läuft auf Port 3001
2025-03-09T14:49:40.153Z [info]: Erzwinge sofortige Rollensynchronisierung...
2025-03-09T14:49:40.153Z [info]: Synchronisiere Rollen für 1 Guilds...
2025-03-09T14:49:40.154Z [info]: Verfügbare Guilds: Testserver (1226186397195702363)
2025-03-09T14:49:40.154Z [info]: Starte Synchronisierung für Guild 1226186397195702363 (Testserver)...
2025-03-09T14:49:40.154Z [info]: Versuche Guild mit ID 1226186397195702363 abzurufen...
2025-03-09T14:49:40.155Z [info]: Guild gefunden: Testserver (1226186397195702363)
2025-03-09T14:49:40.155Z [info]: Rufe Rollen für Guild Testserver ab...
2025-03-09T14:49:40.355Z [info]: 28 Rollen gefunden für Guild Testserver
2025-03-09T14:49:40.355Z [info]: Gefundene Rollen: @everyone (1226186397195702363), AFK (1226186397195702364), 30 Tage Offline (1226186397292167170), 6 Monate Offline (1226186397292167171), 1 Jahr Offline (1226186397292167172), abonniert (1226186397292167173), XP (1226186397292167174), Eventplaner (1226186397292167175), Gefangener (1226186397292167176), Bot (1226186397292167177), Partner (1226186397325590538), Visitor (1226186397325590539), Member (1226186397325590540), Member + (1226186397325590541), New (1226186397325590542), Admin (1226186397325590543), Bot-High Level (1226186397325590544), Detox (1226534154771107874), Make (1300639252538720342), SIF (1302619867718881310), SIF Test AI (1302737106044719236), SSA (1303120054942040134), leader (1303126653186211880), LeaderShip (1303353952313540713), MainLeader (1303354170547372148), Spieler (1303416482549469184), VoiceMaster (1305125877067288653), NOVA (1328496960021200909)
2025-03-09T14:49:40.356Z [info]: 28 Rollen für Supabase konvertiert
2025-03-09T14:49:40.356Z [info]: Speichere Rollen in Supabase...
2025-03-09T14:49:41.223Z [info]: Rollensynchronisierung abgeschlossen: 28 erfolgreich, 0 fehlgeschlagen
2025-03-09T14:49:41.224Z [info]: Prüfe auf veraltete Rollen in Supabase...
2025-03-09T14:49:41.267Z [info]: 28 gespeicherte Rollen in Supabase gefunden
2025-03-09T14:49:41.267Z [info]: Keine veralteten Rollen zu löschen
2025-03-09T14:49:41.267Z [info]: 28 Rollen für Guild 1226186397195702363 (Testserver) erfolgreich synchronisiert
2025-03-09T14:52:09.806Z [info]: Erstelle neue Discord-Kategorie "☆彡 🗣️ Chatroom 🗣️ 彡☆" für Guild 1226186397195702363...
2025-03-09T14:52:10.085Z [info]: Discord-Kategorie erstellt: ☆彡 🗣 Chatroom 🗣 彡☆ (1348307382375157770)
2025-03-09T14:52:10.195Z [info]: Kategorie "☆彡 🗣️ Chatroom 🗣️ 彡☆" wurde erfolgreich in Discord erstellt und in der Datenbank aktualisiert.
2025-03-09T14:53:13.190Z [info]: Erstelle neue Discord-Kategorie "═══ General ⭐ ═════════" für Guild 1226186397195702363...
2025-03-09T14:53:13.426Z [info]: Discord-Kategorie erstellt: ═══ General ⭐ ═════════ (1348307648096768041)
2025-03-09T14:53:13.519Z [info]: Kategorie "═══ General ⭐ ═════════" wurde erfolgreich in Discord erstellt und in der Datenbank aktualisiert.
2025-03-09T14:54:03.933Z [info]: Erstelle neue Discord-Kategorie "╭─•─•─📰 News 📰•─•─•─╮" für Guild 1226186397195702363...
2025-03-09T14:54:04.225Z [info]: Discord-Kategorie erstellt: ╭─•─•─📰 News 📰•─•─•─╮ (1348307860966342767)
2025-03-09T14:54:04.329Z [info]: Kategorie "╭─•─•─📰 News 📰•─•─•─╮" wurde erfolgreich in Discord erstellt und in der Datenbank aktualisiert.
2025-03-09T15:02:57.503Z [info]: Erstelle neue Discord-Kategorie "╭─•─•─📰 News 📰•─•─•─╮" für Guild 1226186397195702363...
2025-03-09T15:02:57.937Z [info]: Discord-Kategorie erstellt: ╭─•─•─📰 News 📰•─•─•─╮ (1348310099495620619)
2025-03-09T15:02:58.053Z [info]: Kategorie "╭─•─•─📰 News 📰•─•─•─╮" wurde erfolgreich in Discord erstellt und in der Datenbank aktualisiert.
2025-03-09T15:49:35.151Z [info]: Synchronisiere Rollen für 1 Guilds...
2025-03-09T15:49:35.152Z [info]: Verfügbare Guilds: Testserver (1226186397195702363)
2025-03-09T15:49:35.152Z [info]: Starte Synchronisierung für Guild 1226186397195702363 (Testserver)...
2025-03-09T15:49:35.153Z [info]: Versuche Guild mit ID 1226186397195702363 abzurufen...
2025-03-09T15:49:35.153Z [info]: Guild gefunden: Testserver (1226186397195702363)
2025-03-09T15:49:35.153Z [info]: Rufe Rollen für Guild Testserver ab...
2025-03-09T15:49:35.381Z [info]: 28 Rollen gefunden für Guild Testserver
2025-03-09T15:49:35.381Z [info]: Gefundene Rollen: @everyone (1226186397195702363), AFK (1226186397195702364), 30 Tage Offline (1226186397292167170), 6 Monate Offline (1226186397292167171), 1 Jahr Offline (1226186397292167172), abonniert (1226186397292167173), XP (1226186397292167174), Eventplaner (1226186397292167175), Gefangener (1226186397292167176), Bot (1226186397292167177), Partner (1226186397325590538), Visitor (1226186397325590539), Member (1226186397325590540), Member + (1226186397325590541), New (1226186397325590542), Admin (1226186397325590543), Bot-High Level (1226186397325590544), Detox (1226534154771107874), Make (1300639252538720342), SIF (1302619867718881310), SIF Test AI (1302737106044719236), SSA (1303120054942040134), leader (1303126653186211880), LeaderShip (1303353952313540713), MainLeader (1303354170547372148), Spieler (1303416482549469184), VoiceMaster (1305125877067288653), NOVA (1328496960021200909)
2025-03-09T15:49:35.382Z [info]: 28 Rollen für Supabase konvertiert
2025-03-09T15:49:35.382Z [info]: Speichere Rollen in Supabase...
2025-03-09T15:49:36.180Z [info]: Rollensynchronisierung abgeschlossen: 28 erfolgreich, 0 fehlgeschlagen
2025-03-09T15:49:36.180Z [info]: Prüfe auf veraltete Rollen in Supabase...
2025-03-09T15:49:36.202Z [info]: 28 gespeicherte Rollen in Supabase gefunden
2025-03-09T15:49:36.202Z [info]: Keine veralteten Rollen zu löschen
2025-03-09T15:49:36.202Z [info]: 28 Rollen für Guild 1226186397195702363 (Testserver) erfolgreich synchronisiert
2025-03-09T16:49:35.165Z [info]: Synchronisiere Rollen für 1 Guilds...
2025-03-09T16:49:35.165Z [info]: Verfügbare Guilds: Testserver (1226186397195702363)
2025-03-09T16:49:35.166Z [info]: Starte Synchronisierung für Guild 1226186397195702363 (Testserver)...
2025-03-09T16:49:35.166Z [info]: Versuche Guild mit ID 1226186397195702363 abzurufen...
2025-03-09T16:49:35.166Z [info]: Guild gefunden: Testserver (1226186397195702363)
2025-03-09T16:49:35.167Z [info]: Rufe Rollen für Guild Testserver ab...
2025-03-09T16:49:35.445Z [info]: 28 Rollen gefunden für Guild Testserver
2025-03-09T16:49:35.446Z [info]: Gefundene Rollen: @everyone (1226186397195702363), AFK (1226186397195702364), 30 Tage Offline (1226186397292167170), 6 Monate Offline (1226186397292167171), 1 Jahr Offline (1226186397292167172), abonniert (1226186397292167173), XP (1226186397292167174), Eventplaner (1226186397292167175), Gefangener (1226186397292167176), Bot (1226186397292167177), Partner (1226186397325590538), Visitor (1226186397325590539), Member (1226186397325590540), Member + (1226186397325590541), New (1226186397325590542), Admin (1226186397325590543), Bot-High Level (1226186397325590544), Detox (1226534154771107874), Make (1300639252538720342), SIF (1302619867718881310), SIF Test AI (1302737106044719236), SSA (1303120054942040134), leader (1303126653186211880), LeaderShip (1303353952313540713), MainLeader (1303354170547372148), Spieler (1303416482549469184), VoiceMaster (1305125877067288653), NOVA (1328496960021200909)
2025-03-09T16:49:35.447Z [info]: 28 Rollen für Supabase konvertiert
2025-03-09T16:49:35.447Z [info]: Speichere Rollen in Supabase...
2025-03-09T16:49:36.275Z [info]: Rollensynchronisierung abgeschlossen: 28 erfolgreich, 0 fehlgeschlagen
2025-03-09T16:49:36.276Z [info]: Prüfe auf veraltete Rollen in Supabase...
2025-03-09T16:49:36.302Z [info]: 28 gespeicherte Rollen in Supabase gefunden
2025-03-09T16:49:36.302Z [info]: Keine veralteten Rollen zu löschen
2025-03-09T16:49:36.302Z [info]: 28 Rollen für Guild 1226186397195702363 (Testserver) erfolgreich synchronisiert
2025-03-09T17:49:35.173Z [info]: Synchronisiere Rollen für 1 Guilds...
2025-03-09T17:49:35.173Z [info]: Verfügbare Guilds: Testserver (1226186397195702363)
2025-03-09T17:49:35.173Z [info]: Starte Synchronisierung für Guild 1226186397195702363 (Testserver)...
2025-03-09T17:49:35.174Z [info]: Versuche Guild mit ID 1226186397195702363 abzurufen...
2025-03-09T17:49:35.174Z [info]: Guild gefunden: Testserver (1226186397195702363)
2025-03-09T17:49:35.174Z [info]: Rufe Rollen für Guild Testserver ab...
2025-03-09T17:49:35.404Z [info]: 28 Rollen gefunden für Guild Testserver
2025-03-09T17:49:35.405Z [info]: Gefundene Rollen: @everyone (1226186397195702363), AFK (1226186397195702364), 30 Tage Offline (1226186397292167170), 6 Monate Offline (1226186397292167171), 1 Jahr Offline (1226186397292167172), abonniert (1226186397292167173), XP (1226186397292167174), Eventplaner (1226186397292167175), Gefangener (1226186397292167176), Bot (1226186397292167177), Partner (1226186397325590538), Visitor (1226186397325590539), Member (1226186397325590540), Member + (1226186397325590541), New (1226186397325590542), Admin (1226186397325590543), Bot-High Level (1226186397325590544), Detox (1226534154771107874), Make (1300639252538720342), SIF (1302619867718881310), SIF Test AI (1302737106044719236), SSA (1303120054942040134), leader (1303126653186211880), LeaderShip (1303353952313540713), MainLeader (1303354170547372148), Spieler (1303416482549469184), VoiceMaster (1305125877067288653), NOVA (1328496960021200909)
2025-03-09T17:49:35.405Z [info]: 28 Rollen für Supabase konvertiert
2025-03-09T17:49:35.406Z [info]: Speichere Rollen in Supabase...
2025-03-09T17:49:36.240Z [info]: Rollensynchronisierung abgeschlossen: 28 erfolgreich, 0 fehlgeschlagen
2025-03-09T17:49:36.240Z [info]: Prüfe auf veraltete Rollen in Supabase...
2025-03-09T17:49:36.262Z [info]: 28 gespeicherte Rollen in Supabase gefunden
2025-03-09T17:49:36.262Z [info]: Keine veralteten Rollen zu löschen
2025-03-09T17:49:36.263Z [info]: 28 Rollen für Guild 1226186397195702363 (Testserver) erfolgreich synchronisiert
2025-03-09T18:49:35.174Z [info]: Synchronisiere Rollen für 1 Guilds...
2025-03-09T18:49:35.174Z [info]: Verfügbare Guilds: Testserver (1226186397195702363)
2025-03-09T18:49:35.175Z [info]: Starte Synchronisierung für Guild 1226186397195702363 (Testserver)...
2025-03-09T18:49:35.175Z [info]: Versuche Guild mit ID 1226186397195702363 abzurufen...
2025-03-09T18:49:35.175Z [info]: Guild gefunden: Testserver (1226186397195702363)
2025-03-09T18:49:35.176Z [info]: Rufe Rollen für Guild Testserver ab...
2025-03-09T18:49:35.380Z [info]: 28 Rollen gefunden für Guild Testserver
2025-03-09T18:49:35.380Z [info]: Gefundene Rollen: @everyone (1226186397195702363), AFK (1226186397195702364), 30 Tage Offline (1226186397292167170), 6 Monate Offline (1226186397292167171), 1 Jahr Offline (1226186397292167172), abonniert (1226186397292167173), XP (1226186397292167174), Eventplaner (1226186397292167175), Gefangener (1226186397292167176), Bot (1226186397292167177), Partner (1226186397325590538), Visitor (1226186397325590539), Member (1226186397325590540), Member + (1226186397325590541), New (1226186397325590542), Admin (1226186397325590543), Bot-High Level (1226186397325590544), Detox (1226534154771107874), Make (1300639252538720342), SIF (1302619867718881310), SIF Test AI (1302737106044719236), SSA (1303120054942040134), leader (1303126653186211880), LeaderShip (1303353952313540713), MainLeader (1303354170547372148), Spieler (1303416482549469184), VoiceMaster (1305125877067288653), NOVA (1328496960021200909)
2025-03-09T18:49:35.381Z [info]: 28 Rollen für Supabase konvertiert
2025-03-09T18:49:35.382Z [info]: Speichere Rollen in Supabase...
2025-03-09T18:49:36.263Z [info]: Rollensynchronisierung abgeschlossen: 28 erfolgreich, 0 fehlgeschlagen
2025-03-09T18:49:36.263Z [info]: Prüfe auf veraltete Rollen in Supabase...
2025-03-09T18:49:36.289Z [info]: 28 gespeicherte Rollen in Supabase gefunden
2025-03-09T18:49:36.289Z [info]: Keine veralteten Rollen zu löschen
2025-03-09T18:49:36.289Z [info]: 28 Rollen für Guild 1226186397195702363 (Testserver) erfolgreich synchronisiert
2025-03-09T19:15:11.109Z [info]: Erstelle neue Discord-Kategorie "┌── ℹ️ Info ℹ️ ──┐" für Guild 1226186397195702363...
2025-03-09T19:15:11.402Z [info]: Discord-Kategorie erstellt: ┌── ℹ Info ℹ ──┐ (1348373573789810811)
2025-03-09T19:15:11.546Z [info]: Kategorie "┌── ℹ️ Info ℹ️ ──┐" wurde erfolgreich in Discord erstellt und in der Datenbank aktualisiert.
2025-03-09T19:16:57.564Z [info]: Erstelle neue Discord-Kategorie "────────────── Voice 📢" für Guild 1226186397195702363...
2025-03-09T19:16:57.931Z [info]: Discord-Kategorie erstellt: ────────────── Voice 📢 (1348374019941990423)
2025-03-09T19:16:58.009Z [info]: Kategorie "────────────── Voice 📢" wurde erfolgreich in Discord erstellt und in der Datenbank aktualisiert.
2025-03-09T19:18:52.528Z [info]: Erstelle neue Discord-Kategorie "☆彡 🗣️ Chatroom 🗣️ 彡☆" für Guild 1226186397195702363...
2025-03-09T19:18:52.811Z [info]: Discord-Kategorie erstellt: ☆彡 🗣 Chatroom 🗣 彡☆ (1348374502446338190)
2025-03-09T19:18:52.893Z [info]: Kategorie "☆彡 🗣️ Chatroom 🗣️ 彡☆" wurde erfolgreich in Discord erstellt und in der Datenbank aktualisiert.
2025-03-09T19:20:10.417Z [info]: Erstelle neue Discord-Kategorie "═══ General ⭐ ═════════" für Guild 1226186397195702363...
2025-03-09T19:20:10.725Z [info]: Discord-Kategorie erstellt: ═══ General ⭐ ═════════ (1348374828926894152)
2025-03-09T19:20:10.842Z [info]: Kategorie "═══ General ⭐ ═════════" wurde erfolgreich in Discord erstellt und in der Datenbank aktualisiert.
2025-03-09T19:21:48.638Z [info]: Erstelle neue Discord-Kategorie "━━ 📣 Announcements 📣 ━━" für Guild 1226186397195702363...
2025-03-09T19:21:48.886Z [info]: Discord-Kategorie erstellt: ━━ 📣 Announcements 📣 ━━ (1348375240782381137)
2025-03-09T19:21:48.979Z [info]: Kategorie "━━ 📣 Announcements 📣 ━━" wurde erfolgreich in Discord erstellt und in der Datenbank aktualisiert.
2025-03-09T19:22:04.965Z [info]: Erstelle neue Discord-Kategorie "❖❖❖ 🔄 Updates 🔄 ❖❖❖" für Guild 1226186397195702363...
2025-03-09T19:22:05.215Z [info]: Discord-Kategorie erstellt: ❖❖❖ 🔄 Updates 🔄 ❖❖❖ (1348375309602521250)
2025-03-09T19:22:05.329Z [info]: Kategorie "❖❖❖ 🔄 Updates 🔄 ❖❖❖" wurde erfolgreich in Discord erstellt und in der Datenbank aktualisiert.
2025-03-09T19:25:34.654Z [info]: Erstelle neue Discord-Kategorie "❖❖❖ 🔄 Updates 🔄 ❖❖❖" für Guild 1226186397195702363...
2025-03-09T19:25:34.885Z [info]: Discord-Kategorie erstellt: ❖❖❖ 🔄 Updates 🔄 ❖❖❖ (1348376189013594232)
2025-03-09T19:25:34.966Z [info]: Kategorie "❖❖❖ 🔄 Updates 🔄 ❖❖❖" wurde erfolgreich in Discord erstellt und in der Datenbank aktualisiert.
2025-03-09T19:26:32.442Z [info]: Erstelle neue Discord-Kategorie "┏━━ ⚠️ Alerts ⚠️ ━━┓" für Guild 1226186397195702363...
2025-03-09T19:26:32.697Z [info]: Discord-Kategorie erstellt: ┏━━ ⚠ Alerts ⚠ ━━┓ (1348376431427588137)
2025-03-09T19:26:32.773Z [info]: Kategorie "┏━━ ⚠️ Alerts ⚠️ ━━┓" wurde erfolgreich in Discord erstellt und in der Datenbank aktualisiert.
2025-03-09T19:30:38.237Z [info]: Erstelle neue Discord-Kategorie "▁▁▁ 📊 Status 📊 ▁▁▁" für Guild 1226186397195702363...
2025-03-09T19:30:38.642Z [info]: Discord-Kategorie erstellt: ▁▁▁ 📊 Status 📊 ▁▁▁ (1348377462320398369)
2025-03-09T19:30:38.749Z [info]: Kategorie "▁▁▁ 📊 Status 📊 ▁▁▁" wurde erfolgreich in Discord erstellt und in der Datenbank aktualisiert.
